This is pdfTeX, Version 3.141592653-2.6-1.40.25 (TeX Live 2023) (preloaded format=pdflatex 2023.5.17)  24 JAN 2024 19:15
entering extended mode
 restricted \write18 enabled.
 file:line:error style messages enabled.
 %&-line parsing enabled.
**measuringkkr3.tex
(./measuringkkr3.tex
LaTeX2e <2022-11-01> patch level 1
L3 programming layer <2023-02-22> (/usr/local/texlive/2023/texmf-dist/tex/latex/base/article.cls
Document Class: article 2022/07/02 v1.4n Standard LaTeX document class
(/usr/local/texlive/2023/texmf-dist/tex/latex/base/size12.clo
File: size12.clo 2022/07/02 v1.4n Standard LaTeX file (size option)
)
\c@part=\count185
\c@section=\count186
\c@subsection=\count187
\c@subsubsection=\count188
\c@paragraph=\count189
\c@subparagraph=\count190
\c@figure=\count191
\c@table=\count192
\abovecaptionskip=\skip48
\belowcaptionskip=\skip49
\bibindent=\dimen140
) (/usr/local/texlive/2023/texmf-dist/tex/latex/setspace/setspace.sty
Package: setspace 2022/12/04 v6.7b set line spacing
) (/usr/local/texlive/2023/texmf-dist/tex/latex/graphics/graphicx.sty
Package: graphicx 2021/09/16 v1.2d Enhanced LaTeX Graphics (DPC,SPQR)
 (/usr/local/texlive/2023/texmf-dist/tex/latex/graphics/keyval.sty
Package: keyval 2022/05/29 v1.15 key=value parser (DPC)
\KV@toks@=\toks16
) (/usr/local/texlive/2023/texmf-dist/tex/latex/graphics/graphics.sty
Package: graphics 2022/03/10 v1.4e Standard LaTeX Graphics (DPC,SPQR)
 (/usr/local/texlive/2023/texmf-dist/tex/latex/graphics/trig.sty
Package: trig 2021/08/11 v1.11 sin cos tan (DPC)
) (/usr/local/texlive/2023/texmf-dist/tex/latex/graphics-cfg/graphics.cfg
File: graphics.cfg 2016/06/04 v1.11 sample graphics configuration
)
Package graphics Info: Driver file: pdftex.def on input line 107.
 (/usr/local/texlive/2023/texmf-dist/tex/latex/graphics-def/pdftex.def
File: pdftex.def 2022/09/22 v1.2b Graphics/color driver for pdftex
))
\Gin@req@height=\dimen141
\Gin@req@width=\dimen142
) (/usr/local/texlive/2023/texmf-dist/tex/latex/tools/dcolumn.sty
Package: dcolumn 2014/10/28 v1.06 decimal alignment package (DPC)
 (/usr/local/texlive/2023/texmf-dist/tex/latex/tools/array.sty
Package: array 2022/09/04 v2.5g Tabular extension package (FMi)
\col@sep=\dimen143
\ar@mcellbox=\box51
\extrarowheight=\dimen144
\NC@list=\toks17
\extratabsurround=\skip50
\backup@length=\skip51
\ar@cellbox=\box52
)) (/usr/local/texlive/2023/texmf-dist/tex/latex/placeins/placeins.sty
Package: placeins 2005/04/18  v 2.2
) (/usr/local/texlive/2023/texmf-dist/tex/latex/natbib/natbib.sty
Package: natbib 2010/09/13 8.31b (PWD, AO)
\bibhang=\skip52
\bibsep=\skip53
LaTeX Info: Redefining \cite on input line 694.
\c@NAT@ctr=\count193
) (/usr/local/texlive/2023/texmf-dist/tex/latex/caption/subcaption.sty
Package: subcaption 2023/02/19 v1.6 Sub-captions (AR)
 (/usr/local/texlive/2023/texmf-dist/tex/latex/caption/caption.sty
Package: caption 2023/03/12 v3.6j Customizing captions (AR)
 (/usr/local/texlive/2023/texmf-dist/tex/latex/caption/caption3.sty
Package: caption3 2023/03/12 v2.4 caption3 kernel (AR)
\caption@tempdima=\dimen145
\captionmargin=\dimen146
\caption@leftmargin=\dimen147
\caption@rightmargin=\dimen148
\caption@width=\dimen149
\caption@indent=\dimen150
\caption@parindent=\dimen151
\caption@hangindent=\dimen152
Package caption Info: Standard document class detected.
)
\c@caption@flags=\count194
\c@continuedfloat=\count195
)
Package caption Info: New subtype `subfigure' on input line 239.
\c@subfigure=\count196
Package caption Info: New subtype `subtable' on input line 239.
\c@subtable=\count197
) (/usr/local/texlive/2023/texmf-dist/tex/latex/float/float.sty
Package: float 2001/11/08 v1.3d Float enhancements (AL)
\c@float@type=\count198
\float@exts=\toks18
\float@box=\box53
\@float@everytoks=\toks19
\@floatcapt=\box54
) (/usr/local/texlive/2023/texmf-dist/tex/latex/lipsum/lipsum.sty (/usr/local/texlive/2023/texmf-dist/tex/latex/l3packages/l3keys2e/l3keys2e.sty (/usr/local/texlive/2023/texmf-dist/tex/latex/l3kernel/expl3.sty
Package: expl3 2023-02-22 L3 programming layer (loader) 
 (/usr/local/texlive/2023/texmf-dist/tex/latex/l3backend/l3backend-pdftex.def
File: l3backend-pdftex.def 2023-01-16 L3 backend support: PDF output (pdfTeX)
\l__color_backend_stack_int=\count199
\l__pdf_internal_box=\box55
))
Package: l3keys2e 2023-02-02 LaTeX2e option processing using LaTeX3 keys
)
Package: lipsum 2021-09-20 v2.7 150 paragraphs of Lorem Ipsum dummy text
\g__lipsum_par_int=\count266
\l__lipsum_a_int=\count267
\l__lipsum_b_int=\count268
 (/usr/local/texlive/2023/texmf-dist/tex/latex/lipsum/lipsum.ltd.tex)) (/usr/local/texlive/2023/texmf-dist/tex/latex/psnfss/mathpazo.sty
Package: mathpazo 2020/03/25 PSNFSS-v9.3 Palatino w/ Pazo Math (D.Puga, WaS) 
\symupright=\mathgroup4
) (/usr/local/texlive/2023/texmf-dist/tex/latex/hyperref/hyperref.sty
Package: hyperref 2023-02-07 v7.00v Hypertext links for LaTeX
 (/usr/local/texlive/2023/texmf-dist/tex/generic/ltxcmds/ltxcmds.sty
Package: ltxcmds 2020-05-10 v1.25 LaTeX kernel commands for general use (HO)
) (/usr/local/texlive/2023/texmf-dist/tex/generic/iftex/iftex.sty
Package: iftex 2022/02/03 v1.0f TeX engine tests
) (/usr/local/texlive/2023/texmf-dist/tex/generic/pdftexcmds/pdftexcmds.sty
Package: pdftexcmds 2020-06-27 v0.33 Utility functions of pdfTeX for LuaTeX (HO)
 (/usr/local/texlive/2023/texmf-dist/tex/generic/infwarerr/infwarerr.sty
Package: infwarerr 2019/12/03 v1.5 Providing info/warning/error messages (HO)
)
Package pdftexcmds Info: \pdf@primitive is available.
Package pdftexcmds Info: \pdf@ifprimitive is available.
Package pdftexcmds Info: \pdfdraftmode found.
) (/usr/local/texlive/2023/texmf-dist/tex/latex/kvsetkeys/kvsetkeys.sty
Package: kvsetkeys 2022-10-05 v1.19 Key value parser (HO)
) (/usr/local/texlive/2023/texmf-dist/tex/generic/kvdefinekeys/kvdefinekeys.sty
Package: kvdefinekeys 2019-12-19 v1.6 Define keys (HO)
)
(/usr/local/texlive/2023/texmf-dist/tex/generic/pdfescape/pdfescape.sty
Package: pdfescape 2019/12/09 v1.15 Implements pdfTeX's escape features (HO)
) (/usr/local/texlive/2023/texmf-dist/tex/latex/hycolor/hycolor.sty
Package: hycolor 2020-01-27 v1.10 Color options for hyperref/bookmark (HO)
) (/usr/local/texlive/2023/texmf-dist/tex/latex/letltxmacro/letltxmacro.sty
Package: letltxmacro 2019/12/03 v1.6 Let assignment for LaTeX macros (HO)
) (/usr/local/texlive/2023/texmf-dist/tex/latex/auxhook/auxhook.sty
Package: auxhook 2019-12-17 v1.6 Hooks for auxiliary files (HO)
) (/usr/local/texlive/2023/texmf-dist/tex/latex/hyperref/nameref.sty
Package: nameref 2022-05-17 v2.50 Cross-referencing by name of section
 (/usr/local/texlive/2023/texmf-dist/tex/latex/refcount/refcount.sty
Package: refcount 2019/12/15 v3.6 Data extraction from label references (HO)
) (/usr/local/texlive/2023/texmf-dist/tex/generic/gettitlestring/gettitlestring.sty
Package: gettitlestring 2019/12/15 v1.6 Cleanup title references (HO)
 (/usr/local/texlive/2023/texmf-dist/tex/latex/kvoptions/kvoptions.sty
Package: kvoptions 2022-06-15 v3.15 Key value format for package options (HO)
))
\c@section@level=\count269
)
\@linkdim=\dimen153
\Hy@linkcounter=\count270
\Hy@pagecounter=\count271
 (/usr/local/texlive/2023/texmf-dist/tex/latex/hyperref/pd1enc.def
File: pd1enc.def 2023-02-07 v7.00v Hyperref: PDFDocEncoding definition (HO)
Now handling font encoding PD1 ...
... no UTF-8 mapping file for font encoding PD1
) (/usr/local/texlive/2023/texmf-dist/tex/generic/intcalc/intcalc.sty
Package: intcalc 2019/12/15 v1.3 Expandable calculations with integers (HO)
) (/usr/local/texlive/2023/texmf-dist/tex/generic/etexcmds/etexcmds.sty
Package: etexcmds 2019/12/15 v1.7 Avoid name clashes with e-TeX commands (HO)
)
\Hy@SavedSpaceFactor=\count272
 (/usr/local/texlive/2023/texmf-dist/tex/latex/hyperref/puenc.def
File: puenc.def 2023-02-07 v7.00v Hyperref: PDF Unicode definition (HO)
Now handling font encoding PU ...
... no UTF-8 mapping file for font encoding PU
)
Package hyperref Info: Hyper figures OFF on input line 4177.
Package hyperref Info: Link nesting OFF on input line 4182.
Package hyperref Info: Hyper index ON on input line 4185.
Package hyperref Info: Plain pages OFF on input line 4192.
Package hyperref Info: Backreferencing OFF on input line 4197.
Package hyperref Info: Implicit mode ON; LaTeX internals redefined.
Package hyperref Info: Bookmarks ON on input line 4425.
\c@Hy@tempcnt=\count273
 (/usr/local/texlive/2023/texmf-dist/tex/latex/url/url.sty
\Urlmuskip=\muskip16
Package: url 2013/09/16  ver 3.4  Verb mode for urls, etc.
)
LaTeX Info: Redefining \url on input line 4763.
\XeTeXLinkMargin=\dimen154
 (/usr/local/texlive/2023/texmf-dist/tex/generic/bitset/bitset.sty
Package: bitset 2019/12/09 v1.3 Handle bit-vector datatype (HO)
 (/usr/local/texlive/2023/texmf-dist/tex/generic/bigintcalc/bigintcalc.sty
Package: bigintcalc 2019/12/15 v1.5 Expandable calculations on big integers (HO)
))
\Fld@menulength=\count274
\Field@Width=\dimen155
\Fld@charsize=\dimen156
Package hyperref Info: Hyper figures OFF on input line 6042.
Package hyperref Info: Link nesting OFF on input line 6047.
Package hyperref Info: Hyper index ON on input line 6050.
Package hyperref Info: backreferencing OFF on input line 6057.
Package hyperref Info: Link coloring OFF on input line 6062.
Package hyperref Info: Link coloring with OCG OFF on input line 6067.
Package hyperref Info: PDF/A mode OFF on input line 6072.
 (/usr/local/texlive/2023/texmf-dist/tex/latex/base/atbegshi-ltx.sty
Package: atbegshi-ltx 2021/01/10 v1.0c Emulation of the original atbegshi
package with kernel methods
)
\Hy@abspage=\count275
\c@Item=\count276
\c@Hfootnote=\count277
)
Package hyperref Info: Driver (autodetected): hpdftex.
 (/usr/local/texlive/2023/texmf-dist/tex/latex/hyperref/hpdftex.def
File: hpdftex.def 2023-02-07 v7.00v Hyperref driver for pdfTeX
 (/usr/local/texlive/2023/texmf-dist/tex/latex/base/atveryend-ltx.sty
Package: atveryend-ltx 2020/08/19 v1.0a Emulation of the original atveryend package
with kernel methods
)
\Fld@listcount=\count278
\c@bookmark@seq@number=\count279
 (/usr/local/texlive/2023/texmf-dist/tex/latex/rerunfilecheck/rerunfilecheck.sty
Package: rerunfilecheck 2022-07-10 v1.10 Rerun checks for auxiliary files (HO)
 (/usr/local/texlive/2023/texmf-dist/tex/generic/uniquecounter/uniquecounter.sty
Package: uniquecounter 2019/12/15 v1.4 Provide unlimited unique counter (HO)
)
Package uniquecounter Info: New unique counter `rerunfilecheck' on input line 285.
)
\Hy@SectionHShift=\skip54
) (/usr/local/texlive/2023/texmf-dist/tex/latex/amsmath/amsmath.sty
Package: amsmath 2022/04/08 v2.17n AMS math features
\@mathmargin=\skip55

For additional information on amsmath, use the `?' option.
(/usr/local/texlive/2023/texmf-dist/tex/latex/amsmath/amstext.sty
Package: amstext 2021/08/26 v2.01 AMS text
 (/usr/local/texlive/2023/texmf-dist/tex/latex/amsmath/amsgen.sty
File: amsgen.sty 1999/11/30 v2.0 generic functions
\@emptytoks=\toks20
\ex@=\dimen157
)) (/usr/local/texlive/2023/texmf-dist/tex/latex/amsmath/amsbsy.sty
Package: amsbsy 1999/11/29 v1.2d Bold Symbols
\pmbraise@=\dimen158
) (/usr/local/texlive/2023/texmf-dist/tex/latex/amsmath/amsopn.sty
Package: amsopn 2022/04/08 v2.04 operator names
)
\inf@bad=\count280
LaTeX Info: Redefining \frac on input line 234.
\uproot@=\count281
\leftroot@=\count282
LaTeX Info: Redefining \overline on input line 399.
LaTeX Info: Redefining \colon on input line 410.
\classnum@=\count283
\DOTSCASE@=\count284
LaTeX Info: Redefining \ldots on input line 496.
LaTeX Info: Redefining \dots on input line 499.
LaTeX Info: Redefining \cdots on input line 620.
\Mathstrutbox@=\box56
\strutbox@=\box57
LaTeX Info: Redefining \big on input line 722.
LaTeX Info: Redefining \Big on input line 723.
LaTeX Info: Redefining \bigg on input line 724.
LaTeX Info: Redefining \Bigg on input line 725.
\big@size=\dimen159
LaTeX Font Info:    Redeclaring font encoding OML on input line 743.
LaTeX Font Info:    Redeclaring font encoding OMS on input line 744.
\macc@depth=\count285
LaTeX Info: Redefining \bmod on input line 905.
LaTeX Info: Redefining \pmod on input line 910.
LaTeX Info: Redefining \smash on input line 940.
LaTeX Info: Redefining \relbar on input line 970.
LaTeX Info: Redefining \Relbar on input line 971.
\c@MaxMatrixCols=\count286
\dotsspace@=\muskip17
\c@parentequation=\count287
\dspbrk@lvl=\count288
\tag@help=\toks21
\row@=\count289
\column@=\count290
\maxfields@=\count291
\andhelp@=\toks22
\eqnshift@=\dimen160
\alignsep@=\dimen161
\tagshift@=\dimen162
\tagwidth@=\dimen163
\totwidth@=\dimen164
\lineht@=\dimen165
\@envbody=\toks23
\multlinegap=\skip56
\multlinetaggap=\skip57
\mathdisplay@stack=\toks24
LaTeX Info: Redefining \[ on input line 2953.
LaTeX Info: Redefining \] on input line 2954.
) (/usr/local/texlive/2023/texmf-dist/tex/latex/pdflscape/pdflscape.sty
Package: pdflscape 2022-10-27 v0.13 Display of landscape pages in PDF
 (/usr/local/texlive/2023/texmf-dist/tex/latex/pdflscape/pdflscape-nometadata.sty
Package: pdflscape-nometadata 2022-10-28 v0.13 Display of landscape pages in PDF (HO)
 (/usr/local/texlive/2023/texmf-dist/tex/latex/graphics/lscape.sty
Package: lscape 2020/05/28 v3.02 Landscape Pages (DPC)
)
Package pdflscape Info: Auto-detected driver: pdftex on input line 81.
))
Package hyperref Info: Option `colorlinks' set `true' on input line 19.
 (/usr/local/texlive/2023/texmf-dist/tex/latex/geometry/geometry.sty
Package: geometry 2020/01/02 v5.9 Page Geometry
 (/usr/local/texlive/2023/texmf-dist/tex/generic/iftex/ifvtex.sty
Package: ifvtex 2019/10/25 v1.7 ifvtex legacy package. Use iftex instead.
)
\Gm@cnth=\count292
\Gm@cntv=\count293
\c@Gm@tempcnt=\count294
\Gm@bindingoffset=\dimen166
\Gm@wd@mp=\dimen167
\Gm@odd@mp=\dimen168
\Gm@even@mp=\dimen169
\Gm@layoutwidth=\dimen170
\Gm@layoutheight=\dimen171
\Gm@layouthoffset=\dimen172
\Gm@layoutvoffset=\dimen173
\Gm@dimlist=\toks25
)
LaTeX Font Info:    Trying to load font information for OT1+ppl on input line 24.
 (/usr/local/texlive/2023/texmf-dist/tex/latex/psnfss/ot1ppl.fd
File: ot1ppl.fd 2001/06/04 font definitions for OT1/ppl.
) (/Users/pedrovallocci/Documents/PhD (local)/Research/Github/KnowledgeKRisk_10Ks/text/.texpadtmp/measuringkkr3.aux

LaTeX Warning: Label `fig:bytech' multiply defined.


LaTeX Warning: Label `' multiply defined.

)
\openout1 = `measuringkkr3.aux'.

LaTeX Font Info:    Checking defaults for OML/cmm/m/it on input line 24.
LaTeX Font Info:    ... okay on input line 24.
LaTeX Font Info:    Checking defaults for OMS/cmsy/m/n on input line 24.
LaTeX Font Info:    ... okay on input line 24.
LaTeX Font Info:    Checking defaults for OT1/cmr/m/n on input line 24.
LaTeX Font Info:    ... okay on input line 24.
LaTeX Font Info:    Checking defaults for T1/cmr/m/n on input line 24.
LaTeX Font Info:    ... okay on input line 24.
LaTeX Font Info:    Checking defaults for TS1/cmr/m/n on input line 24.
LaTeX Font Info:    ... okay on input line 24.
LaTeX Font Info:    Checking defaults for OMX/cmex/m/n on input line 24.
LaTeX Font Info:    ... okay on input line 24.
LaTeX Font Info:    Checking defaults for U/cmr/m/n on input line 24.
LaTeX Font Info:    ... okay on input line 24.
LaTeX Font Info:    Checking defaults for PD1/pdf/m/n on input line 24.
LaTeX Font Info:    ... okay on input line 24.
LaTeX Font Info:    Checking defaults for PU/pdf/m/n on input line 24.
LaTeX Font Info:    ... okay on input line 24.
 (/usr/local/texlive/2023/texmf-dist/tex/context/base/mkii/supp-pdf.mkii
[Loading MPS to PDF converter (version 2006.09.02).]
\scratchcounter=\count295
\scratchdimen=\dimen174
\scratchbox=\box58
\nofMPsegments=\count296
\nofMParguments=\count297
\everyMPshowfont=\toks26
\MPscratchCnt=\count298
\MPscratchDim=\dimen175
\MPnumerator=\count299
\makeMPintoPDFobject=\count300
\everyMPtoPDFconversion=\toks27
) (/usr/local/texlive/2023/texmf-dist/tex/latex/epstopdf-pkg/epstopdf-base.sty
Package: epstopdf-base 2020-01-24 v2.11 Base part for package epstopdf
Package epstopdf-base Info: Redefining graphics rule for `.eps' on input line 485.
 (/usr/local/texlive/2023/texmf-dist/tex/latex/latexconfig/epstopdf-sys.cfg
File: epstopdf-sys.cfg 2010/07/13 v1.3 Configuration of (r)epstopdf for TeX Live
))
Package caption Info: Begin \AtBeginDocument code.
Package caption Info: float package is loaded.
Package caption Info: hyperref package is loaded.
Package caption Info: End \AtBeginDocument code.
 (/usr/local/texlive/2023/texmf-dist/tex/latex/graphics/color.sty
Package: color 2022/01/06 v1.3d Standard LaTeX Color (DPC)
 (/usr/local/texlive/2023/texmf-dist/tex/latex/graphics-cfg/color.cfg
File: color.cfg 2016/01/02 v1.6 sample color configuration
)
Package color Info: Driver file: pdftex.def on input line 149.
 (/usr/local/texlive/2023/texmf-dist/tex/latex/graphics/mathcolor.ltx))
Package hyperref Info: Link coloring ON on input line 24.
 (/Users/pedrovallocci/Documents/PhD (local)/Research/Github/KnowledgeKRisk_10Ks/text/.texpadtmp/measuringkkr3.out) (/Users/pedrovallocci/Documents/PhD (local)/Research/Github/KnowledgeKRisk_10Ks/text/.texpadtmp/measuringkkr3.out)
\@outlinefile=\write3
\openout3 = `measuringkkr3.out'.


*geometry* driver: auto-detecting
*geometry* detected driver: pdftex
*geometry* verbose mode - [ preamble ] result:
* driver: pdftex
* paper: letterpaper
* layout: <same size as paper>
* layoutoffset:(h,v)=(0.0pt,0.0pt)
* modes: 
* h-part:(L,W,R)=(72.26999pt, 469.75502pt, 72.26999pt)
* v-part:(T,H,B)=(72.26999pt, 650.43001pt, 72.26999pt)
* \paperwidth=614.295pt
* \paperheight=794.96999pt
* \textwidth=469.75502pt
* \textheight=650.43001pt
* \oddsidemargin=0.0pt
* \evensidemargin=0.0pt
* \topmargin=-37.0pt
* \headheight=12.0pt
* \headsep=25.0pt
* \topskip=12.0pt
* \footskip=30.0pt
* \marginparwidth=44.0pt
* \marginparsep=10.0pt
* \columnsep=10.0pt
* \skip\footins=10.8pt plus 4.0pt minus 2.0pt
* \hoffset=0.0pt
* \voffset=0.0pt
* \mag=1000
* \@twocolumnfalse
* \@twosidefalse
* \@mparswitchfalse
* \@reversemarginfalse
* (1in=72.27pt=25.4mm, 1cm=28.453pt)

LaTeX Font Info:    Trying to load font information for OML+zplm on input line 52.
(/usr/local/texlive/2023/texmf-dist/tex/latex/psnfss/omlzplm.fd
File: omlzplm.fd 2002/09/08 Fontinst v1.914 font definitions for OML/zplm.
)
LaTeX Font Info:    Trying to load font information for OMS+zplm on input line 52.
 (/usr/local/texlive/2023/texmf-dist/tex/latex/psnfss/omszplm.fd
File: omszplm.fd 2002/09/08 Fontinst v1.914 font definitions for OMS/zplm.
)
LaTeX Font Info:    Trying to load font information for OMX+zplm on input line 52.
 (/usr/local/texlive/2023/texmf-dist/tex/latex/psnfss/omxzplm.fd
File: omxzplm.fd 2002/09/08 Fontinst v1.914 font definitions for OMX/zplm.
)
LaTeX Font Info:    Trying to load font information for OT1+zplm on input line 52.
 (/usr/local/texlive/2023/texmf-dist/tex/latex/psnfss/ot1zplm.fd
File: ot1zplm.fd 2002/09/08 Fontinst v1.914 font definitions for OT1/zplm.
)
LaTeX Font Info:    Trying to load font information for TS1+ppl on input line 52.
 (/usr/local/texlive/2023/texmf-dist/tex/latex/psnfss/ts1ppl.fd
File: ts1ppl.fd 2001/06/04 font definitions for TS1/ppl.
)
Overfull \hbox (10.79295pt too wide) in paragraph at lines 58--59
\OT1/ppl/m/n/10.95 ity and kur-to-sis in stock re-turns, con-sis-tent with pre-vi-ous lit-er-a-ture on the R&D anomaly
 []

[1

{/usr/local/texlive/2023/texmf-var/fonts/map/pdftex/updmap/pdftex.map}{/usr/local/texlive/2023/texmf-dist/fonts/enc/dvips/base/8r.enc}] [2]
<dicfullmc10thr10defnob40noa1_4t/amazon_nov01.png, id=147, 6022.5pt x 3613.5pt>
File: dicfullmc10thr10defnob40noa1_4t/amazon_nov01.png Graphic file (type png)
<use dicfullmc10thr10defnob40noa1_4t/amazon_nov01.png>
Package pdftex.def Info: dicfullmc10thr10defnob40noa1_4t/amazon_nov01.png  used on input line 111.
(pdftex.def)             Requested size: 422.77664pt x 253.63249pt.
 [3] [4 <./dicfullmc10thr10defnob40noa1_4t/amazon_nov01.png>]
Overfull \hbox (2.00804pt too wide) in paragraph at lines 130--131
\OT1/ppl/m/n/12 to con-sid-er-able mea-sure-ment er-ror and in-cludes not knowledge-related com-po-nents, such
 []


Overfull \hbox (16.95946pt too wide) in paragraph at lines 130--131
\OT1/ppl/m/n/12 as or-ga-ni-za-tional cap-i-tal and brand cap-i-tal. This can blur the dis-tinc-tion be-tween knowledge-
 []

[5] [6] [7] [8] [9] [10

]
Overfull \hbox (13.46469pt too wide) in paragraph at lines 245--246
[]\OT1/ppl/m/n/12 In this pa-per, knowl-edge cap-i-tal risk is de-fined as the unique form of risk that innovation-
 []

[11

]
<dicfullmc10thr10defnob40noa1_4t/wordclouds.png, id=257, 722.7pt x 722.7pt>
File: dicfullmc10thr10defnob40noa1_4t/wordclouds.png Graphic file (type png)
<use dicfullmc10thr10defnob40noa1_4t/wordclouds.png>
Package pdftex.def Info: dicfullmc10thr10defnob40noa1_4t/wordclouds.png  used on input line 277.
(pdftex.def)             Requested size: 328.82707pt x 328.82901pt.
 [12]

LaTeX Warning: Reference `tab:topic_map' on page 13 undefined on input line 279.

(./dicfullmc10thr10defnob40noa1_4t/sample_map.tex
Overfull \hbox (61.08868pt too wide) in paragraph at lines 5--22
 [][] 
 []

) [13 <./dicfullmc10thr10defnob40noa1_4t/wordclouds.png>]

Package hyperref Warning: Token not allowed in a PDF string (Unicode):
(hyperref)                removing `math shift' on input line 293.


Package hyperref Warning: Token not allowed in a PDF string (Unicode):
(hyperref)                removing `subscript' on input line 293.


Package hyperref Warning: Token not allowed in a PDF string (Unicode):
(hyperref)                removing `math shift' on input line 293.


LaTeX Warning: Reference `tab:bytech' on page 14 undefined on input line 300.

(./dicfullmc10thr10defnob40noa1_4t/tpcavg_tech.tex) [14]
<dicfullmc10thr10defnob40noa1_4t/mean_tiy.jpg, id=283, 4215.75pt x 4215.75pt>
File: dicfullmc10thr10defnob40noa1_4t/mean_tiy.jpg Graphic file (type jpg)
<use dicfullmc10thr10defnob40noa1_4t/mean_tiy.jpg>
Package pdftex.def Info: dicfullmc10thr10defnob40noa1_4t/mean_tiy.jpg  used on input line 312.
(pdftex.def)             Requested size: 328.82707pt x 328.77571pt.
<dicfullmc10thr10defnob40noa1_4t/stackedplot_at.png, id=285, 4215.75pt x 4215.75pt>
File: dicfullmc10thr10defnob40noa1_4t/stackedplot_at.png Graphic file (type png)
<use dicfullmc10thr10defnob40noa1_4t/stackedplot_at.png>
Package pdftex.def Info: dicfullmc10thr10defnob40noa1_4t/stackedplot_at.png  used on input line 323.
(pdftex.def)             Requested size: 328.82707pt x 328.77571pt.
 [15 <./dicfullmc10thr10defnob40noa1_4t/mean_tiy.jpg>]
<dicfullmc10thr10defnob40noa1_4t/topicvskkpt_hm.png, id=293, 4215.75pt x 4215.75pt>
File: dicfullmc10thr10defnob40noa1_4t/topicvskkpt_hm.png Graphic file (type png)
<use dicfullmc10thr10defnob40noa1_4t/topicvskkpt_hm.png>
Package pdftex.def Info: dicfullmc10thr10defnob40noa1_4t/topicvskkpt_hm.png  used on input line 348.
(pdftex.def)             Requested size: 328.82707pt x 328.77571pt.
 [16 <./dicfullmc10thr10defnob40noa1_4t/stackedplot_at.png>]
<dicfullmc10thr10defnob40noa1_4t/awawr.jpg, id=302, 4215.75pt x 4215.75pt>
File: dicfullmc10thr10defnob40noa1_4t/awawr.jpg Graphic file (type jpg)
<use dicfullmc10thr10defnob40noa1_4t/awawr.jpg>
Package pdftex.def Info: dicfullmc10thr10defnob40noa1_4t/awawr.jpg  used on input line 358.
(pdftex.def)             Requested size: 328.82707pt x 328.77571pt.
 [17 <./dicfullmc10thr10defnob40noa1_4t/topicvskkpt_hm.png>]

LaTeX Warning: Reference `fig:awawr_aggind' on page 18 undefined on input line 360.

<dicfullmc10thr10defnob40noa1_4t/awawr_byg.jpg, id=310, 4215.75pt x 4215.75pt>
File: dicfullmc10thr10defnob40noa1_4t/awawr_byg.jpg Graphic file (type jpg)
<use dicfullmc10thr10defnob40noa1_4t/awawr_byg.jpg>
Package pdftex.def Info: dicfullmc10thr10defnob40noa1_4t/awawr_byg.jpg  used on input line 366.
(pdftex.def)             Requested size: 328.82707pt x 328.77571pt.
[18 <./dicfullmc10thr10defnob40noa1_4t/awawr.jpg>]

LaTeX Warning: Reference `fig:wsdr_byg' on page 19 undefined on input line 368.

<dicfullmc10thr10defnob40noa1_4t/wsdr.jpg, id=316, 4215.75pt x 4215.75pt>
File: dicfullmc10thr10defnob40noa1_4t/wsdr.jpg Graphic file (type jpg)
<use dicfullmc10thr10defnob40noa1_4t/wsdr.jpg>
Package pdftex.def Info: dicfullmc10thr10defnob40noa1_4t/wsdr.jpg  used on input line 372.
(pdftex.def)             Requested size: 375.80544pt x 375.79881pt.

LaTeX Warning: `!h' float specifier changed to `!ht'.

<dicfullmc10thr10defnob40noa1_4t/kurtosis_maxtopic.jpg, id=318, 5219.5pt x 3704.84125pt>
File: dicfullmc10thr10defnob40noa1_4t/kurtosis_maxtopic.jpg Graphic file (type jpg)
<use dicfullmc10thr10defnob40noa1_4t/kurtosis_maxtopic.jpg>
Package pdftex.def Info: dicfullmc10thr10defnob40noa1_4t/kurtosis_maxtopic.jpg  used on input line 382.
(pdftex.def)             Requested size: 422.77664pt x 300.06789pt.

LaTeX Warning: `!h' float specifier changed to `!ht'.

[19 <./dicfullmc10thr10defnob40noa1_4t/awawr_byg.jpg>]
<dicfullmc10thr10defnob40noa1_4t/kurtosis_ntile.jpg, id=326, 5219.5pt x 3704.84125pt>
File: dicfullmc10thr10defnob40noa1_4t/kurtosis_ntile.jpg Graphic file (type jpg)
<use dicfullmc10thr10defnob40noa1_4t/kurtosis_ntile.jpg>
Package pdftex.def Info: dicfullmc10thr10defnob40noa1_4t/kurtosis_ntile.jpg  used on input line 391.
(pdftex.def)             Requested size: 422.77664pt x 300.06789pt.


LaTeX Warning: `!h' float specifier changed to `!ht'.

[20 <./dicfullmc10thr10defnob40noa1_4t/wsdr.jpg>] (./dicfullmc10thr10defnob40noa1_4t/summary_table.tex) [21 <./dicfullmc10thr10defnob40noa1_4t/kurtosis_maxtopic.jpg>] [22]
Overfull \hbox (4.52408pt too wide) in paragraph at lines 421--422
\OT1/ppl/m/n/12 ex-am-ple, a prior for $\OML/zplm/m/it/12 Topic[]$ \OT1/ppl/m/n/12 could be im-posed, com-pris-ing spe-cific words such as ``patents"
 []

(/Users/pedrovallocci/Documents/PhD (local)/Research/Github/KnowledgeKRisk_10Ks/text/.texpadtmp/measuringkkr3.bbl [23 <./dicfullmc10thr10defnob40noa1_4t/kurtosis_ntile.jpg>]
Underfull \hbox (badness 2644) in paragraph at lines 53--54
[]\OT1/ppl/m/n/12 Eisfeldt, An-drea L, Ed-ward Kim, and Dim-itris Pa-paniko-laou (2020) ``In-tan-gi-ble
 []

[24] [25]) [26]
<cdf_words.png, id=375, 462.528pt x 346.896pt>
File: cdf_words.png Graphic file (type png)
<use cdf_words.png>
Package pdftex.def Info: cdf_words.png  used on input line 460.
(pdftex.def)             Requested size: 211.38832pt x 158.54192pt.
<cdf_words_zoom.png, id=376, 462.528pt x 346.896pt>
File: cdf_words_zoom.png Graphic file (type png)
<use cdf_words_zoom.png>
Package pdftex.def Info: cdf_words_zoom.png  used on input line 467.
(pdftex.def)             Requested size: 211.38832pt x 158.54192pt.

Overfull \hbox (10.05533pt too wide) in paragraph at lines 476--476
[][]\OT1/ppl/b/n/17.28 Appendix C: Cor-re-la-tion of topic load-ings with pre-vi-ous mea-
 []

[27 <./cdf_words.png> <./cdf_words_zoom.png>]
<dicfullmc10thr10defnob40noa1_4t/heatmap.png, id=387, 4215.75pt x 4215.75pt>
File: dicfullmc10thr10defnob40noa1_4t/heatmap.png Graphic file (type png)
<use dicfullmc10thr10defnob40noa1_4t/heatmap.png>
Package pdftex.def Info: dicfullmc10thr10defnob40noa1_4t/heatmap.png  used on input line 484.
(pdftex.def)             Requested size: 328.82707pt x 328.77571pt.


LaTeX Warning: Reference `fig:firmsbypat_hm' on page 28 undefined on input line 486.


Overfull \hbox (6.39697pt too wide) in paragraph at lines 486--487
[]\OT1/ppl/m/n/12 The sec-ond com-po-nent of the anal-y-sis, shown in Fig-ure [], com-putes the co-occurrences
 []


LaTeX Warning: Reference `fig:firmsbypat_hm' on page 28 undefined on input line 488.

<dicfullmc10thr10defnob40noa1_4t/heatmap_patents.png, id=393, 4215.75pt x 4215.75pt>
File: dicfullmc10thr10defnob40noa1_4t/heatmap_patents.png Graphic file (type png)
<use dicfullmc10thr10defnob40noa1_4t/heatmap_patents.png>
Package pdftex.def Info: dicfullmc10thr10defnob40noa1_4t/heatmap_patents.png  used on input line 490.
(pdftex.def)             Requested size: 328.82707pt x 328.77571pt.
[28 <./dicfullmc10thr10defnob40noa1_4t/heatmap.png>] [29 <./dicfullmc10thr10defnob40noa1_4t/heatmap_patents.png>] (/Users/pedrovallocci/Documents/PhD (local)/Research/Github/KnowledgeKRisk_10Ks/text/.texpadtmp/measuringkkr3.aux)

LaTeX Warning: There were undefined references.


LaTeX Warning: There were multiply-defined labels.

Package rerunfilecheck Info: File `measuringkkr3.out' has not changed.
(rerunfilecheck)             Checksum: 99FB8997EF036F5929B441DB13547BAC;3120.
 ) 
Here is how much of TeX's memory you used:
 12603 strings out of 476025
 215413 string characters out of 5790017
 1863388 words of memory out of 5000000
 32708 multiletter control sequences out of 15000+600000
 549868 words of font info for 127 fonts, out of 8000000 for 9000
 1141 hyphenation exceptions out of 8191
 75i,16n,77p,1065b,608s stack positions out of 10000i,1000n,20000p,200000b,200000s
</usr/local/texlive/2023/texmf-dist/fonts/type1/public/amsfonts/cm/cmex10.pfb></usr/local/texlive/2023/texmf-dist/fonts/type1/public/amsfonts/cm/cmmi10.pfb></usr/local/texlive/2023/texmf-dist/fonts/type1/public/amsfonts/cm/cmr10.pfb></usr/local/texlive/2023/texmf-dist/fonts/type1/public/amsfonts/cm/cmsy10.pfb></usr/local/texlive/2023/texmf-dist/fonts/type1/public/amsfonts/cm/cmtt12.pfb></usr/local/texlive/2023/texmf-dist/fonts/type1/public/mathpazo/fplmri.pfb></usr/local/texlive/2023/texmf-dist/fonts/type1/urw/palatino/uplb8a.pfb></usr/local/texlive/2023/texmf-dist/fonts/type1/urw/palatino/uplr8a.pfb></usr/local/texlive/2023/texmf-dist/fonts/type1/urw/palatino/uplri8a.pfb>
Output written on "/Users/pedrovallocci/Documents/PhD (local)/Research/Github/KnowledgeKRisk_10Ks/text/.texpadtmp/measuringkkr3.pdf" (29 pages, 7208783 bytes).
PDF statistics:
 469 PDF objects out of 1000 (max. 8388607)
 394 compressed objects within 4 object streams
 108 named destinations out of 1000 (max. 500000)
 215 words of extra memory for PDF output out of 10000 (max. 10000000)

